2023-Nov-19-17:14:42-;Linz 24er-Turm https://www2.land-oberoesterreich.gv.at/imm/jaxrs/messwerte/json?stationcode=S415
2023-Nov-19-17:14:42-;Linz Chemiepark Error
2023-Nov-19-17:14:43-;Linz Goethestra√üe https://www2.land-oberoesterreich.gv.at/imm/jaxrs/messwerte/json?stationcode=L001
2023-Nov-19-17:14:44-;Linz Neue Welt https://www2.land-oberoesterreich.gv.at/imm/jaxrs/messwerte/json?stationcode=S416
2023-Nov-19-17:14:44-;Linz R√∂merberg https://www2.land-oberoesterreich.gv.at/imm/jaxrs/messwerte/json?stationcode=S431
2023-Nov-19-17:14:45-;Linz Schlossmuseum https://www2.land-oberoesterreich.gv.at/imm/jaxrs/messwerte/json?stationcode=L002
2023-Nov-19-17:14:46-;Linz Stadtpark https://www2.land-oberoesterreich.gv.at/imm/jaxrs/messwerte/json?stationcode=S184
2023-Nov-19-17:14:46-;Linz Sternwarte https://www2.land-oberoesterreich.gv.at/imm/jaxrs/messwerte/json?stationcode=L003
2023-Nov-19-17:14:47-;Freinberg-Sender https://www2.land-oberoesterreich.gv.at/imm/jaxrs/messwerte/json?stationcode=S425
2023-Nov-20-00:16:23-;Linz 24er-Turm https://www2.land-oberoesterreich.gv.at/imm/jaxrs/messwerte/json?stationcode=S415
2023-Nov-20-00:16:23-;Linz Chemiepark Error
2023-Nov-20-00:16:24-;Linz Goethestraﬂe https://www2.land-oberoesterreich.gv.at/imm/jaxrs/messwerte/json?stationcode=L001
2023-Nov-20-00:16:24-;Linz Neue Welt https://www2.land-oberoesterreich.gv.at/imm/jaxrs/messwerte/json?stationcode=S416
2023-Nov-20-00:16:25-;Linz Rˆmerberg https://www2.land-oberoesterreich.gv.at/imm/jaxrs/messwerte/json?stationcode=S431
2023-Nov-20-00:16:25-;Linz Schlossmuseum https://www2.land-oberoesterreich.gv.at/imm/jaxrs/messwerte/json?stationcode=L002
2023-Nov-20-00:16:26-;Linz Stadtpark https://www2.land-oberoesterreich.gv.at/imm/jaxrs/messwerte/json?stationcode=S184
2023-Nov-20-00:16:27-;Linz Sternwarte https://www2.land-oberoesterreich.gv.at/imm/jaxrs/messwerte/json?stationcode=L003
2023-Nov-20-00:16:27-;Freinberg-Sender https://www2.land-oberoesterreich.gv.at/imm/jaxrs/messwerte/json?stationcode=S425
2023-Nov-20-11:07:56-;Linz 24er-Turm https://www2.land-oberoesterreich.gv.at/imm/jaxrs/messwerte/json?stationcode=S415
2023-Nov-20-11:07:57-;Linz Chemiepark Error
2023-Nov-20-11:07:58-;Linz Goethestra√üe https://www2.land-oberoesterreich.gv.at/imm/jaxrs/messwerte/json?stationcode=L001
2023-Nov-20-11:07:59-;Linz Neue Welt https://www2.land-oberoesterreich.gv.at/imm/jaxrs/messwerte/json?stationcode=S416
2023-Nov-20-11:08:01-;Linz R√∂merberg https://www2.land-oberoesterreich.gv.at/imm/jaxrs/messwerte/json?stationcode=S431
2023-Nov-20-11:08:02-;Linz Schlossmuseum https://www2.land-oberoesterreich.gv.at/imm/jaxrs/messwerte/json?stationcode=L002
2023-Nov-20-11:08:03-;Linz Stadtpark https://www2.land-oberoesterreich.gv.at/imm/jaxrs/messwerte/json?stationcode=S184
2023-Nov-20-11:08:04-;Linz Sternwarte https://www2.land-oberoesterreich.gv.at/imm/jaxrs/messwerte/json?stationcode=L003
2023-Nov-20-11:08:05-;Freinberg-Sender https://www2.land-oberoesterreich.gv.at/imm/jaxrs/messwerte/json?stationcode=S425
2023-Nov-21-01:10:14-;Linz 24er-Turm https://www2.land-oberoesterreich.gv.at/imm/jaxrs/messwerte/json?stationcode=S415
2023-Nov-21-01:10:15-;Linz Chemiepark Error
2023-Nov-21-01:10:16-;Linz Goethestra√üe https://www2.land-oberoesterreich.gv.at/imm/jaxrs/messwerte/json?stationcode=L001
2023-Nov-21-01:10:17-;Linz Neue Welt https://www2.land-oberoesterreich.gv.at/imm/jaxrs/messwerte/json?stationcode=S416
2023-Nov-21-01:10:18-;Linz R√∂merberg https://www2.land-oberoesterreich.gv.at/imm/jaxrs/messwerte/json?stationcode=S431
2023-Nov-21-01:10:19-;Linz Schlossmuseum https://www2.land-oberoesterreich.gv.at/imm/jaxrs/messwerte/json?stationcode=L002
2023-Nov-21-01:10:20-;Linz Stadtpark https://www2.land-oberoesterreich.gv.at/imm/jaxrs/messwerte/json?stationcode=S184
2023-Nov-21-01:10:21-;Linz Sternwarte https://www2.land-oberoesterreich.gv.at/imm/jaxrs/messwerte/json?stationcode=L003
2023-Nov-21-01:10:21-;Freinberg-Sender https://www2.land-oberoesterreich.gv.at/imm/jaxrs/messwerte/json?stationcode=S425
2023-Nov-22-01:10:11-;Linz 24er-Turm https://www2.land-oberoesterreich.gv.at/imm/jaxrs/messwerte/json?stationcode=S415
2023-Nov-22-01:10:12-;Linz Chemiepark Error
2023-Nov-22-01:10:13-;Linz Goethestra√üe https://www2.land-oberoesterreich.gv.at/imm/jaxrs/messwerte/json?stationcode=L001
2023-Nov-22-01:10:13-;Linz Neue Welt https://www2.land-oberoesterreich.gv.at/imm/jaxrs/messwerte/json?stationcode=S416
2023-Nov-22-01:10:14-;Linz R√∂merberg https://www2.land-oberoesterreich.gv.at/imm/jaxrs/messwerte/json?stationcode=S431
2023-Nov-22-01:10:15-;Linz Schlossmuseum https://www2.land-oberoesterreich.gv.at/imm/jaxrs/messwerte/json?stationcode=L002
2023-Nov-22-01:10:16-;Linz Stadtpark https://www2.land-oberoesterreich.gv.at/imm/jaxrs/messwerte/json?stationcode=S184
2023-Nov-22-01:10:17-;Linz Sternwarte https://www2.land-oberoesterreich.gv.at/imm/jaxrs/messwerte/json?stationcode=L003
2023-Nov-22-01:10:18-;Freinberg-Sender https://www2.land-oberoesterreich.gv.at/imm/jaxrs/messwerte/json?stationcode=S425
2023-Nov-23-01:07:40-;Linz 24er-Turm https://www2.land-oberoesterreich.gv.at/imm/jaxrs/messwerte/json?stationcode=S415
2023-Nov-23-01:07:41-;Linz Chemiepark Error
2023-Nov-23-01:07:42-;Linz Goethestra√üe https://www2.land-oberoesterreich.gv.at/imm/jaxrs/messwerte/json?stationcode=L001
2023-Nov-23-01:07:43-;Linz Neue Welt https://www2.land-oberoesterreich.gv.at/imm/jaxrs/messwerte/json?stationcode=S416
2023-Nov-23-01:07:44-;Linz R√∂merberg https://www2.land-oberoesterreich.gv.at/imm/jaxrs/messwerte/json?stationcode=S431
2023-Nov-23-01:07:45-;Linz Schlossmuseum https://www2.land-oberoesterreich.gv.at/imm/jaxrs/messwerte/json?stationcode=L002
2023-Nov-23-01:07:46-;Linz Stadtpark https://www2.land-oberoesterreich.gv.at/imm/jaxrs/messwerte/json?stationcode=S184
2023-Nov-23-01:07:48-;Linz Sternwarte https://www2.land-oberoesterreich.gv.at/imm/jaxrs/messwerte/json?stationcode=L003
2023-Nov-23-01:07:48-;Freinberg-Sender https://www2.land-oberoesterreich.gv.at/imm/jaxrs/messwerte/json?stationcode=S425
2023-Nov-24-01:06:00-;Linz 24er-Turm https://www2.land-oberoesterreich.gv.at/imm/jaxrs/messwerte/json?stationcode=S415
2023-Nov-24-01:06:01-;Linz Chemiepark Error
2023-Nov-24-01:06:02-;Linz Goethestra√üe https://www2.land-oberoesterreich.gv.at/imm/jaxrs/messwerte/json?stationcode=L001
2023-Nov-24-01:06:03-;Linz Neue Welt https://www2.land-oberoesterreich.gv.at/imm/jaxrs/messwerte/json?stationcode=S416
2023-Nov-24-01:06:04-;Linz R√∂merberg https://www2.land-oberoesterreich.gv.at/imm/jaxrs/messwerte/json?stationcode=S431
2023-Nov-24-01:06:04-;Linz Schlossmuseum https://www2.land-oberoesterreich.gv.at/imm/jaxrs/messwerte/json?stationcode=L002
2023-Nov-24-01:06:05-;Linz Stadtpark https://www2.land-oberoesterreich.gv.at/imm/jaxrs/messwerte/json?stationcode=S184
2023-Nov-24-01:06:06-;Linz Sternwarte https://www2.land-oberoesterreich.gv.at/imm/jaxrs/messwerte/json?stationcode=L003
2023-Nov-24-01:06:07-;Freinberg-Sender https://www2.land-oberoesterreich.gv.at/imm/jaxrs/messwerte/json?stationcode=S425
2023-Nov-25-01:04:57-;Linz 24er-Turm https://www2.land-oberoesterreich.gv.at/imm/jaxrs/messwerte/json?stationcode=S415
2023-Nov-25-01:04:58-;Linz Chemiepark Error
2023-Nov-25-01:04:59-;Linz Goethestra√üe https://www2.land-oberoesterreich.gv.at/imm/jaxrs/messwerte/json?stationcode=L001
2023-Nov-25-01:05:00-;Linz Neue Welt https://www2.land-oberoesterreich.gv.at/imm/jaxrs/messwerte/json?stationcode=S416
2023-Nov-25-01:05:01-;Linz R√∂merberg https://www2.land-oberoesterreich.gv.at/imm/jaxrs/messwerte/json?stationcode=S431
2023-Nov-25-01:05:02-;Linz Schlossmuseum https://www2.land-oberoesterreich.gv.at/imm/jaxrs/messwerte/json?stationcode=L002
2023-Nov-25-01:05:03-;Linz Stadtpark https://www2.land-oberoesterreich.gv.at/imm/jaxrs/messwerte/json?stationcode=S184
2023-Nov-25-01:05:04-;Linz Sternwarte https://www2.land-oberoesterreich.gv.at/imm/jaxrs/messwerte/json?stationcode=L003
2023-Nov-25-01:05:04-;Freinberg-Sender https://www2.land-oberoesterreich.gv.at/imm/jaxrs/messwerte/json?stationcode=S425
2023-Nov-26-01:11:24-;Linz 24er-Turm https://www2.land-oberoesterreich.gv.at/imm/jaxrs/messwerte/json?stationcode=S415
2023-Nov-26-01:11:25-;Linz Chemiepark Error
2023-Nov-26-01:11:26-;Linz Goethestra√üe https://www2.land-oberoesterreich.gv.at/imm/jaxrs/messwerte/json?stationcode=L001
2023-Nov-26-01:11:28-;Linz Neue Welt https://www2.land-oberoesterreich.gv.at/imm/jaxrs/messwerte/json?stationcode=S416
2023-Nov-26-01:11:28-;Linz R√∂merberg https://www2.land-oberoesterreich.gv.at/imm/jaxrs/messwerte/json?stationcode=S431
2023-Nov-26-01:11:29-;Linz Schlossmuseum https://www2.land-oberoesterreich.gv.at/imm/jaxrs/messwerte/json?stationcode=L002
2023-Nov-26-01:11:31-;Linz Stadtpark https://www2.land-oberoesterreich.gv.at/imm/jaxrs/messwerte/json?stationcode=S184
2023-Nov-26-01:11:32-;Linz Sternwarte https://www2.land-oberoesterreich.gv.at/imm/jaxrs/messwerte/json?stationcode=L003
2023-Nov-26-01:11:32-;Freinberg-Sender https://www2.land-oberoesterreich.gv.at/imm/jaxrs/messwerte/json?stationcode=S425
2023-Nov-27-01:07:51-;Linz 24er-Turm https://www2.land-oberoesterreich.gv.at/imm/jaxrs/messwerte/json?stationcode=S415
2023-Nov-27-01:07:52-;Linz Chemiepark Error
2023-Nov-27-01:07:53-;Linz Goethestra√üe https://www2.land-oberoesterreich.gv.at/imm/jaxrs/messwerte/json?stationcode=L001
2023-Nov-27-01:07:54-;Linz Neue Welt https://www2.land-oberoesterreich.gv.at/imm/jaxrs/messwerte/json?stationcode=S416
2023-Nov-27-01:07:55-;Linz R√∂merberg https://www2.land-oberoesterreich.gv.at/imm/jaxrs/messwerte/json?stationcode=S431
2023-Nov-27-01:07:56-;Linz Schlossmuseum https://www2.land-oberoesterreich.gv.at/imm/jaxrs/messwerte/json?stationcode=L002
2023-Nov-27-01:07:57-;Linz Stadtpark https://www2.land-oberoesterreich.gv.at/imm/jaxrs/messwerte/json?stationcode=S184
2023-Nov-27-01:07:58-;Linz Sternwarte https://www2.land-oberoesterreich.gv.at/imm/jaxrs/messwerte/json?stationcode=L003
2023-Nov-27-01:07:59-;Freinberg-Sender https://www2.land-oberoesterreich.gv.at/imm/jaxrs/messwerte/json?stationcode=S425
2023-Nov-28-01:08:32-;Linz 24er-Turm https://www2.land-oberoesterreich.gv.at/imm/jaxrs/messwerte/json?stationcode=S415
2023-Nov-28-01:08:33-;Linz Chemiepark Error
2023-Nov-28-01:08:34-;Linz Goethestra√üe https://www2.land-oberoesterreich.gv.at/imm/jaxrs/messwerte/json?stationcode=L001
2023-Nov-28-01:08:35-;Linz Neue Welt https://www2.land-oberoesterreich.gv.at/imm/jaxrs/messwerte/json?stationcode=S416
2023-Nov-28-01:08:36-;Linz R√∂merberg https://www2.land-oberoesterreich.gv.at/imm/jaxrs/messwerte/json?stationcode=S431
2023-Nov-28-01:08:37-;Linz Schlossmuseum https://www2.land-oberoesterreich.gv.at/imm/jaxrs/messwerte/json?stationcode=L002
2023-Nov-28-01:08:38-;Linz Stadtpark https://www2.land-oberoesterreich.gv.at/imm/jaxrs/messwerte/json?stationcode=S184
2023-Nov-28-01:08:39-;Linz Sternwarte https://www2.land-oberoesterreich.gv.at/imm/jaxrs/messwerte/json?stationcode=L003
2023-Nov-28-01:08:40-;Freinberg-Sender https://www2.land-oberoesterreich.gv.at/imm/jaxrs/messwerte/json?stationcode=S425
2023-Nov-29-01:08:41-;Linz 24er-Turm https://www2.land-oberoesterreich.gv.at/imm/jaxrs/messwerte/json?stationcode=S415
2023-Nov-29-01:08:42-;Linz Chemiepark Error
2023-Nov-29-01:08:43-;Linz Goethestra√üe https://www2.land-oberoesterreich.gv.at/imm/jaxrs/messwerte/json?stationcode=L001
2023-Nov-29-01:08:44-;Linz Neue Welt https://www2.land-oberoesterreich.gv.at/imm/jaxrs/messwerte/json?stationcode=S416
2023-Nov-29-01:08:45-;Linz R√∂merberg https://www2.land-oberoesterreich.gv.at/imm/jaxrs/messwerte/json?stationcode=S431
2023-Nov-29-01:08:46-;Linz Schlossmuseum https://www2.land-oberoesterreich.gv.at/imm/jaxrs/messwerte/json?stationcode=L002
2023-Nov-29-01:08:48-;Linz Stadtpark https://www2.land-oberoesterreich.gv.at/imm/jaxrs/messwerte/json?stationcode=S184
2023-Nov-29-01:08:49-;Linz Sternwarte https://www2.land-oberoesterreich.gv.at/imm/jaxrs/messwerte/json?stationcode=L003
2023-Nov-29-01:08:50-;Freinberg-Sender https://www2.land-oberoesterreich.gv.at/imm/jaxrs/messwerte/json?stationcode=S425
2023-Nov-30-01:07:45-;Linz 24er-Turm https://www2.land-oberoesterreich.gv.at/imm/jaxrs/messwerte/json?stationcode=S415
2023-Nov-30-01:07:45-;Linz Chemiepark Error
2023-Nov-30-01:07:46-;Linz Goethestra√üe https://www2.land-oberoesterreich.gv.at/imm/jaxrs/messwerte/json?stationcode=L001
2023-Nov-30-01:07:47-;Linz Neue Welt https://www2.land-oberoesterreich.gv.at/imm/jaxrs/messwerte/json?stationcode=S416
2023-Nov-30-01:07:49-;Linz R√∂merberg https://www2.land-oberoesterreich.gv.at/imm/jaxrs/messwerte/json?stationcode=S431
2023-Nov-30-01:07:50-;Linz Schlossmuseum https://www2.land-oberoesterreich.gv.at/imm/jaxrs/messwerte/json?stationcode=L002
2023-Nov-30-01:07:51-;Linz Stadtpark https://www2.land-oberoesterreich.gv.at/imm/jaxrs/messwerte/json?stationcode=S184
2023-Nov-30-01:07:52-;Linz Sternwarte https://www2.land-oberoesterreich.gv.at/imm/jaxrs/messwerte/json?stationcode=L003
2023-Nov-30-01:07:52-;Freinberg-Sender https://www2.land-oberoesterreich.gv.at/imm/jaxrs/messwerte/json?stationcode=S425
2023-Dec-01-01:14:00-;Linz 24er-Turm https://www2.land-oberoesterreich.gv.at/imm/jaxrs/messwerte/json?stationcode=S415
2023-Dec-01-01:14:01-;Linz Chemiepark Error
2023-Dec-01-01:14:02-;Linz Goethestra√üe https://www2.land-oberoesterreich.gv.at/imm/jaxrs/messwerte/json?stationcode=L001
2023-Dec-01-01:14:03-;Linz Neue Welt https://www2.land-oberoesterreich.gv.at/imm/jaxrs/messwerte/json?stationcode=S416
2023-Dec-01-01:14:03-;Linz R√∂merberg https://www2.land-oberoesterreich.gv.at/imm/jaxrs/messwerte/json?stationcode=S431
2023-Dec-01-01:14:04-;Linz Schlossmuseum https://www2.land-oberoesterreich.gv.at/imm/jaxrs/messwerte/json?stationcode=L002
2023-Dec-01-01:14:05-;Linz Stadtpark https://www2.land-oberoesterreich.gv.at/imm/jaxrs/messwerte/json?stationcode=S184
2023-Dec-01-01:14:06-;Linz Sternwarte https://www2.land-oberoesterreich.gv.at/imm/jaxrs/messwerte/json?stationcode=L003
2023-Dec-01-01:14:07-;Freinberg-Sender https://www2.land-oberoesterreich.gv.at/imm/jaxrs/messwerte/json?stationcode=S425
2023-Dec-02-01:04:47-;Linz 24er-Turm https://www2.land-oberoesterreich.gv.at/imm/jaxrs/messwerte/json?stationcode=S415
2023-Dec-02-01:04:47-;Linz Chemiepark Error
2023-Dec-02-01:04:48-;Linz Goethestra√üe https://www2.land-oberoesterreich.gv.at/imm/jaxrs/messwerte/json?stationcode=L001
2023-Dec-02-01:04:49-;Linz Neue Welt https://www2.land-oberoesterreich.gv.at/imm/jaxrs/messwerte/json?stationcode=S416
2023-Dec-02-01:04:50-;Linz R√∂merberg https://www2.land-oberoesterreich.gv.at/imm/jaxrs/messwerte/json?stationcode=S431
2023-Dec-02-01:04:51-;Linz Schlossmuseum https://www2.land-oberoesterreich.gv.at/imm/jaxrs/messwerte/json?stationcode=L002
2023-Dec-02-01:04:52-;Linz Stadtpark https://www2.land-oberoesterreich.gv.at/imm/jaxrs/messwerte/json?stationcode=S184
2023-Dec-02-01:04:53-;Linz Sternwarte https://www2.land-oberoesterreich.gv.at/imm/jaxrs/messwerte/json?stationcode=L003
2023-Dec-02-01:04:54-;Freinberg-Sender https://www2.land-oberoesterreich.gv.at/imm/jaxrs/messwerte/json?stationcode=S425
2023-Dec-03-01:11:31-;Linz 24er-Turm https://www2.land-oberoesterreich.gv.at/imm/jaxrs/messwerte/json?stationcode=S415
2023-Dec-03-01:11:31-;Linz Chemiepark Error
2023-Dec-03-01:11:33-;Linz Goethestra√üe https://www2.land-oberoesterreich.gv.at/imm/jaxrs/messwerte/json?stationcode=L001
2023-Dec-03-01:11:36-;Linz Neue Welt https://www2.land-oberoesterreich.gv.at/imm/jaxrs/messwerte/json?stationcode=S416
2023-Dec-03-01:11:37-;Linz R√∂merberg https://www2.land-oberoesterreich.gv.at/imm/jaxrs/messwerte/json?stationcode=S431
2023-Dec-03-01:11:37-;Linz Schlossmuseum https://www2.land-oberoesterreich.gv.at/imm/jaxrs/messwerte/json?stationcode=L002
2023-Dec-03-01:11:39-;Linz Stadtpark https://www2.land-oberoesterreich.gv.at/imm/jaxrs/messwerte/json?stationcode=S184
2023-Dec-03-01:11:40-;Linz Sternwarte https://www2.land-oberoesterreich.gv.at/imm/jaxrs/messwerte/json?stationcode=L003
2023-Dec-03-01:11:41-;Freinberg-Sender https://www2.land-oberoesterreich.gv.at/imm/jaxrs/messwerte/json?stationcode=S425
